<?xml version="1.0" encoding="UTF-8"?>
<testsuite xmlns:xsi="http://www.w3.org/2001/XMLSchema-instance" xsi:schemaLocation="https://maven.apache.org/surefire/maven-surefire-plugin/xsd/surefire-test-report.xsd" name="TestSuite" time="30.543" tests="1" errors="0" skipped="0" failures="0">
  <properties>
    <property name="java.vendor" value="Oracle Corporation"/>
    <property name="JOB_NAME" value="Jenkin_Maven"/>
    <property name="sun.java.launcher" value="SUN_STANDARD"/>
    <property name="NUMBER_OF_PROCESSORS" value="4"/>
    <property name="sun.management.compiler" value="HotSpot 64-Bit Tiered Compilers"/>
    <property name="DEFLOGDIR" value="C:\ProgramData\McAfee\DesktopProtection"/>
    <property name="JENKINS_HOME" value="C:\Users\CBT\.jenkins"/>
    <property name="HUDSON_SERVER_COOKIE" value="36831bdfd800fce0"/>
    <property name="POM_ARTIFACTID" value="JenPro"/>
    <property name="os.name" value="Windows 8.1"/>
    <property name="sun.boot.class.path" value="C:\Program Files\Java\jre1.8.0_73\lib\resources.jar;C:\Program Files\Java\jre1.8.0_73\lib\rt.jar;C:\Program Files\Java\jre1.8.0_73\lib\sunrsasign.jar;C:\Program Files\Java\jre1.8.0_73\lib\jsse.jar;C:\Program Files\Java\jre1.8.0_73\lib\jce.jar;C:\Program Files\Java\jre1.8.0_73\lib\charsets.jar;C:\Program Files\Java\jre1.8.0_73\lib\jfr.jar;C:\Program Files\Java\jre1.8.0_73\classes"/>
    <property name="EXECUTOR_NUMBER" value="1"/>
    <property name="sun.desktop" value="windows"/>
    <property name="PATHEXT" value=".COM;.EXE;.BAT;.CMD;.VBS;.VBE;.JS;.JSE;.WSF;.WSH;.MSC"/>
    <property name="java.vm.specification.vendor" value="Oracle Corporation"/>
    <property name="POM_DISPLAYNAME" value="JenPro"/>
    <property name="NODE_LABELS" value="master"/>
    <property name="TEMP" value="C:\Users\CBT\AppData\Local\Temp"/>
    <property name="java.runtime.version" value="1.8.0_73-b02"/>
    <property name="user.name" value="CBT"/>
    <property name="guice.disable.misplaced.annotation.check" value="true"/>
    <property name="CommonProgramW6432" value="C:\Program Files\Common Files"/>
    <property name="ProgramFiles" value="C:\Program Files"/>
    <property name="PROMPT" value="$P$G"/>
    <property name="user.language" value="en"/>
    <property name="JOB_BASE_NAME" value="Jenkin_Maven"/>
    <property name="BUILD_DISPLAY_NAME" value="#2"/>
    <property name="sun.boot.library.path" value="C:\Program Files\Java\jre1.8.0_73\bin"/>
    <property name="LOCALAPPDATA" value="C:\Users\CBT\AppData\Local"/>
    <property name="java.version" value="1.8.0_73"/>
    <property name="PROCESSOR_LEVEL" value="6"/>
    <property name="user.timezone" value="Asia/Calcutta"/>
    <property name="USERNAME" value="CBT"/>
    <property name="sun.arch.data.model" value="64"/>
    <property name="NODE_NAME" value="master"/>
    <property name="java.endorsed.dirs" value="C:\Program Files\Java\jre1.8.0_73\lib\endorsed"/>
    <property name="BUILD_ID" value="2"/>
    <property name="sun.cpu.isalist" value="amd64"/>
    <property name="sun.jnu.encoding" value="Cp1252"/>
    <property name="file.encoding.pkg" value="sun.io"/>
    <property name="file.separator" value="\"/>
    <property name="java.specification.name" value="Java Platform API Specification"/>
    <property name="HOMEDRIVE" value="C:"/>
    <property name="java.class.version" value="52.0"/>
    <property name="org.slf4j.simpleLogger.defaultLogLevel" value="info"/>
    <property name="user.country" value="IN"/>
    <property name="ALLUSERSPROFILE" value="C:\ProgramData"/>
    <property name="java.home" value="C:\Program Files\Java\jre1.8.0_73"/>
    <property name="java.vm.info" value="mixed mode"/>
    <property name="os.version" value="6.3"/>
    <property name="=ExitCode" value="00000082"/>
    <property name="POM_VERSION" value="0.0.1-SNAPSHOT"/>
    <property name="VISUALSVN_SERVER" value="C:\Program Files\VisualSVN_Server\"/>
    <property name="TMP" value="C:\Users\CBT\AppData\Local\Temp"/>
    <property name="path.separator" value=";"/>
    <property name="java.vm.version" value="25.73-b02"/>
    <property name="user.variant" value=""/>
    <property name="CommonProgramFiles(x86)" value="C:\Program Files (x86)\Common Files"/>
    <property name="USERDOMAIN_ROAMINGPROFILE" value="CBT-013"/>
    <property name="java.awt.printerjob" value="sun.awt.windows.WPrinterJob"/>
    <property name="FP_NO_HOST_CHECK" value="NO"/>
    <property name="sun.io.unicode.encoding" value="UnicodeLittle"/>
    <property name="CommonProgramFiles" value="C:\Program Files\Common Files"/>
    <property name="ComSpec" value="C:\Windows\system32\cmd.exe"/>
    <property name="HOMEPATH" value="\Users\CBT"/>
    <property name="awt.toolkit" value="sun.awt.windows.WToolkit"/>
    <property name="POM_PACKAGING" value="jar"/>
    <property name="COMPUTERNAME" value="CBT-013"/>
    <property name="user.script" value=""/>
    <property name="POM_GROUPID" value="JenPro"/>
    <property name="user.home" value="C:\Users\CBT"/>
    <property name="PUBLIC" value="C:\Users\Public"/>
    <property name="BUILD_TAG" value="jenkins-Jenkin_Maven-2"/>
    <property name="JENKINS_SERVER_COOKIE" value="36831bdfd800fce0"/>
    <property name="ProgramData" value="C:\ProgramData"/>
    <property name="java.specification.vendor" value="Oracle Corporation"/>
    <property name="USERPROFILE" value="C:\Users\CBT"/>
    <property name="CLASSPATH" value=""/>
    <property name="java.vendor.url" value="http://java.oracle.com/"/>
    <property name="java.library.path" value="C:\ProgramData\Oracle\Java\javapath;C:\Windows\Sun\Java\bin;C:\Windows\system32;C:\Windows;C:\Users\CBT\.jenkins\tools\hudson.tasks.Maven_MavenInstallation\Maven/bin;C:\ProgramData\Oracle\Java\javapath;C:\Windows\system32;C:\Windows;C:\Windows\System32\Wbem;C:\Windows\System32\WindowsPowerShell\v1.0\;C:\Program Files\VisualSVN_Server\bin;."/>
    <property name="java.vm.vendor" value="Oracle Corporation"/>
    <property name="APPDATA" value="C:\Users\CBT\AppData\Roaming"/>
    <property name="java.runtime.name" value="Java(TM) SE Runtime Environment"/>
    <property name="maven.home" value="C:\Users\CBT\.jenkins\tools\hudson.tasks.Maven_MavenInstallation\Maven"/>
    <property name="java.class.path" value="C:\Users\CBT\.jenkins\plugins\maven-plugin\WEB-INF\lib\maven32-agent-1.7.jar;C:\Users\CBT\.jenkins\tools\hudson.tasks.Maven_MavenInstallation\Maven\boot\plexus-classworlds-2.5.2.jar;C:\Users\CBT\.jenkins\tools\hudson.tasks.Maven_MavenInstallation\Maven/conf/logging"/>
    <property name="sun.java.command" value="jenkins.maven3.agent.Maven32Main C:\Users\CBT\.jenkins\tools\hudson.tasks.Maven_MavenInstallation\Maven C:\Users\CBT\.jenkins\war\WEB-INF\lib\remoting-2.60.jar C:\Users\CBT\.jenkins\plugins\maven-plugin\WEB-INF\lib\maven32-interceptor-1.7.jar C:\Users\CBT\.jenkins\plugins\maven-plugin\WEB-INF\lib\maven3-interceptor-commons-1.7.jar 62103"/>
    <property name="Path" value="C:\ProgramData\Oracle\Java\javapath;C:\Windows\system32;C:\Windows;C:\Windows\System32\Wbem;C:\Windows\System32\WindowsPowerShell\v1.0\;C:\Program Files\VisualSVN_Server\bin"/>
    <property name="java.vm.specification.name" value="Java Virtual Machine Specification"/>
    <property name="PROCESSOR_ARCHITECTURE" value="AMD64"/>
    <property name="PROCESSOR_IDENTIFIER" value="Intel64 Family 6 Model 69 Stepping 1, GenuineIntel"/>
    <property name="SESSIONNAME" value="Console"/>
    <property name="java.vm.specification.version" value="1.8"/>
    <property name="sun.os.patch.level" value=""/>
    <property name="sun.cpu.endian" value="little"/>
    <property name="M2_HOME" value="C:\Users\CBT\.jenkins\tools\hudson.tasks.Maven_MavenInstallation\Maven"/>
    <property name="java.io.tmpdir" value="C:\Users\CBT\AppData\Local\Temp\"/>
    <property name="OS" value="Windows_NT"/>
    <property name="HUDSON_HOME" value="C:\Users\CBT\.jenkins"/>
    <property name="PATH+MAVEN" value="C:\Users\CBT\.jenkins\tools\hudson.tasks.Maven_MavenInstallation\Maven/bin"/>
    <property name="ProgramFiles(x86)" value="C:\Program Files (x86)"/>
    <property name="java.vendor.url.bug" value="http://bugreport.sun.com/bugreport/"/>
    <property name="java.awt.graphicsenv" value="sun.awt.Win32GraphicsEnvironment"/>
    <property name="os.arch" value="amd64"/>
    <property name="SystemRoot" value="C:\Windows"/>
    <property name="VSEDEFLOGDIR" value="C:\ProgramData\McAfee\DesktopProtection"/>
    <property name="java.ext.dirs" value="C:\Program Files\Java\jre1.8.0_73\lib\ext;C:\Windows\Sun\Java\lib\ext"/>
    <property name="user.dir" value="C:\Satya\Jenkinws\JenPro"/>
    <property name="LOGONSERVER" value="\\CBT-013"/>
    <property name="USERDOMAIN" value="CBT-013"/>
    <property name="line.separator" value="&#10;"/>
    <property name="MAVEN_HOME" value="C:\Users\CBT\.jenkins\tools\hudson.tasks.Maven_MavenInstallation\Maven"/>
    <property name="java.vm.name" value="Java HotSpot(TM) 64-Bit Server VM"/>
    <property name="BUILD_NUMBER" value="2"/>
    <property name="PROCESSOR_REVISION" value="4501"/>
    <property name="ProgramW6432" value="C:\Program Files"/>
    <property name="windir" value="C:\Windows"/>
    <property name="=C:" value="C:\Users\CBT"/>
    <property name="file.encoding" value="Cp1252"/>
    <property name="SystemDrive" value="C:"/>
    <property name="maven3.interceptor" value="C:\Users\CBT\.jenkins\plugins\maven-plugin\WEB-INF\lib\maven32-interceptor-1.7.jar"/>
    <property name="WORKSPACE" value="C:\Users\CBT\.jenkins\workspace\Jenkin_Maven"/>
    <property name="maven3.interceptor.common" value="C:\Users\CBT\.jenkins\plugins\maven-plugin\WEB-INF\lib\maven3-interceptor-commons-1.7.jar"/>
    <property name="java.specification.version" value="1.8"/>
    <property name="PSModulePath" value="C:\Windows\system32\WindowsPowerShell\v1.0\Modules\;C:\Program Files\VisualSVN_Server\PowerShellModules"/>
  </properties>
  <testcase name="testA" classname="com.jen.pkg.JenDemo" time="29.781"/>
</testsuite>