<?xml version="1.0" encoding="UTF-8"?>
<!-- Generated by org.testng.reporters.JUnitReportReporter -->
<testsuite hostname="CBT-013" name="com.jen.pkg.JenDemo" tests="1" failures="0" timestamp="6 Aug 2016 10:12:55 GMT" time="32.271" errors="0">
  <testcase name="testA" time="32.271" classname="com.jen.pkg.JenDemo"/>
</testsuite> <!-- com.jen.pkg.JenDemo -->
