<?xml version="1.0" encoding="UTF-8"?>
<!-- Generated by org.testng.reporters.JUnitReportReporter -->
<testsuite hostname="ha" name="com.jen.pkg.JenDemo" tests="2" failures="0" timestamp="15 Aug 2016 12:50:54 GMT" time="0.015" errors="0">
  <testcase name="testA" time="0.015" classname="com.jen.pkg.JenDemo"/>
  <testcase name="testB" time="0.000" classname="com.jen.pkg.JenDemo"/>
</testsuite> <!-- com.jen.pkg.JenDemo -->
